<?xml version="1.0" encoding="UTF-8"?>
<!-- Generated by org.testng.reporters.JUnitXMLReporter -->
<testsuite ignored="0" hostname="LAPTOP-3BL16AQ1" failures="0" tests="8" name="Test" time="34.395" errors="0" timestamp="2024-06-29T20:05:02 IST">
  <testcase classname="TestNg.TC_1_Verify_Medica_InformationUS_Edge" name="verifyMedicinesTab" time="0.215"/>
  <testcase classname="TestNg.TC_1_Verify_Medica_InformationUS_Edge" name="clickMedicinesTab" time="2.057"/>
  <testcase classname="TestNg.TC_1_Verify_Medica_InformationUS_Edge" name="verifyMedicalInformationUs" time="0.053"/>
  <testcase classname="TestNg.TC_1_Verify_Medica_InformationUS_Edge" name="verifyMedicinesHeaderText" time="0.07"/>
  <testcase classname="TestNg.TC_1_Verify_Medica_InformationUS" name="verifyMedicinesTab" time="0.837"/>
  <testcase classname="TestNg.TC_1_Verify_Medica_InformationUS" name="clickMedicinesTab" time="3.054"/>
  <testcase classname="TestNg.TC_1_Verify_Medica_InformationUS" name="verifyMedicalInformationUs" time="0.511"/>
  <testcase classname="TestNg.TC_1_Verify_Medica_InformationUS" name="verifyMedicinesHeaderText" time="0.333"/>
</testsuite> <!-- Test -->
