<?xml version="1.0" encoding="UTF-8"?>
<testng-results ignored="0" total="2" passed="2" failed="0" skipped="0">
  <reporter-output>
  </reporter-output>
  <suite started-at="2024-07-09T19:58:34 IST" name="Default suite" finished-at="2024-07-09T19:59:01 IST" duration-ms="26402">
    <groups>
    </groups>
    <test started-at="2024-07-09T19:58:34 IST" name="Default test" finished-at="2024-07-09T19:59:01 IST" duration-ms="26402">
      <class name="ExtentReports.ExtentReportExample2">
        <test-method is-config="true" signature="startTest()[pri:0, instance:ExtentReports.ExtentReportExample2@c730b35]" started-at="2024-07-09T19:58:32 IST" name="startTest" finished-at="2024-07-09T19:58:34 IST" duration-ms="2307" status="PASS">
          <reporter-output>
          </reporter-output>
        </test-method> <!-- startTest -->
        <test-method is-config="true" signature="launchBrowser()[pri:0, instance:ExtentReports.ExtentReportExample2@c730b35]" started-at="2024-07-09T19:58:34 IST" name="launchBrowser" finished-at="2024-07-09T19:58:46 IST" duration-ms="11334" status="PASS">
          <reporter-output>
          </reporter-output>
        </test-method> <!-- launchBrowser -->
        <test-method is-config="true" signature="launchURL()[pri:0, instance:ExtentReports.ExtentReportExample2@c730b35]" started-at="2024-07-09T19:58:46 IST" name="launchURL" finished-at="2024-07-09T19:58:52 IST" duration-ms="6521" status="PASS">
          <reporter-output>
          </reporter-output>
        </test-method> <!-- launchURL -->
        <test-method signature="loginToOrangeHRM()[pri:1, instance:ExtentReports.ExtentReportExample2@c730b35]" started-at="2024-07-09T19:58:52 IST" name="loginToOrangeHRM" finished-at="2024-07-09T19:58:59 IST" duration-ms="6925" status="PASS">
          <reporter-output>
          </reporter-output>
        </test-method> <!-- loginToOrangeHRM -->
        <test-method signature="clickLogout()[pri:2, instance:ExtentReports.ExtentReportExample2@c730b35]" started-at="2024-07-09T19:58:59 IST" name="clickLogout" finished-at="2024-07-09T19:58:59 IST" duration-ms="62" status="PASS">
          <reporter-output>
          </reporter-output>
        </test-method> <!-- clickLogout -->
        <test-method is-config="true" signature="endTest()[pri:0, instance:ExtentReports.ExtentReportExample2@c730b35]" started-at="2024-07-09T19:58:59 IST" name="endTest" finished-at="2024-07-09T19:59:01 IST" duration-ms="1382" status="PASS">
          <reporter-output>
          </reporter-output>
        </test-method> <!-- endTest -->
        <test-method is-config="true" signature="closeBrowser()[pri:0, instance:ExtentReports.ExtentReportExample2@c730b35]" started-at="2024-07-09T19:59:01 IST" name="closeBrowser" finished-at="2024-07-09T19:59:04 IST" duration-ms="2648" status="PASS">
          <reporter-output>
          </reporter-output>
        </test-method> <!-- closeBrowser -->
      </class> <!-- ExtentReports.ExtentReportExample2 -->
    </test> <!-- Default test -->
  </suite> <!-- Default suite -->
</testng-results>
